<?xml version="1.0" encoding="UTF-8"?>
<testng-results ignored="0" total="1" passed="1" failed="0" skipped="0">
  <reporter-output>
  </reporter-output>
  <suite started-at="2024-03-03T21:13:46 IST" name="Default suite" finished-at="2024-03-03T21:14:03 IST" duration-ms="16870">
    <groups>
    </groups>
    <test started-at="2024-03-03T21:13:46 IST" name="Default test" finished-at="2024-03-03T21:14:03 IST" duration-ms="16870">
      <class name="SSC.ProgramBuilder.LoginTest">
        <test-method is-config="true" signature="beforeSuite()[pri:0, instance:SSC.ProgramBuilder.LoginTest@77847718]" started-at="2024-03-03T21:13:46 IST" name="beforeSuite" finished-at="2024-03-03T21:13:46 IST" duration-ms="11" status="PASS">
          <reporter-output>
          </reporter-output>
        </test-method> <!-- beforeSuite -->
        <test-method is-config="true" signature="beforeTest()[pri:0, instance:SSC.ProgramBuilder.LoginTest@77847718]" started-at="2024-03-03T21:13:46 IST" name="beforeTest" finished-at="2024-03-03T21:13:46 IST" duration-ms="1" status="PASS">
          <reporter-output>
          </reporter-output>
        </test-method> <!-- beforeTest -->
        <test-method is-config="true" signature="initializeProp()[pri:0, instance:SSC.ProgramBuilder.LoginTest@77847718]" started-at="2024-03-03T21:13:46 IST" name="initializeProp" finished-at="2024-03-03T21:13:58 IST" duration-ms="12259" status="PASS">
          <reporter-output>
          </reporter-output>
        </test-method> <!-- initializeProp -->
        <test-method signature="loginToProgramBuilderAPP()[pri:0, instance:SSC.ProgramBuilder.LoginTest@77847718]" started-at="2024-03-03T21:13:58 IST" name="loginToProgramBuilderAPP" finished-at="2024-03-03T21:14:03 IST" duration-ms="4560" status="PASS">
          <reporter-output>
          </reporter-output>
        </test-method> <!-- loginToProgramBuilderAPP -->
      </class> <!-- SSC.ProgramBuilder.LoginTest -->
    </test> <!-- Default test -->
  </suite> <!-- Default suite -->
</testng-results>
